[INF]  User profile is available. Using 'C:\Users\DELL\AppData\Local\ASP.NET\DataProtection-Keys' as key repository and Windows DPAPI to encrypt keys at rest. 
[INF]  Creating key {d56c1ebc-549b-4529-8404-107c85782467} with creation date 2023-02-18 22:37:29Z, activation date 2023-02-18 22:37:29Z, and expiration date 2023-05-19 22:37:29Z. 
[INF]  Writing data to file 'C:\Users\DELL\AppData\Local\ASP.NET\DataProtection-Keys\key-d56c1ebc-549b-4529-8404-107c85782467.xml'. 
[INF]  Now listening on: https://localhost:7208 
[INF]  Now listening on: http://localhost:5114 
[INF]  Application started. Press Ctrl+C to shut down. 
[INF]  Hosting environment: Development 
[INF]  Content root path: C:\Users\DELL\Desktop\Apps\LCS Backend\LawConsultingSystem\src\ConsultingSystem.WebApi\ 
[INF]  Request starting HTTP/2 GET https://localhost:7208/swagger - - 
[INF]  Request finished HTTP/2 GET https://localhost:7208/swagger - - - 301 0 - 632.8410ms 
[INF]  Request starting HTTP/2 GET https://localhost:7208/swagger/index.html - - 
[INF]  Request finished HTTP/2 GET https://localhost:7208/swagger/index.html - - - 200 - text/html;charset=utf-8 924.7479ms 
[INF]  Request starting HTTP/2 GET https://localhost:7208/swagger/swagger-ui.css - - 
[INF]  Request starting HTTP/2 GET https://localhost:7208/swagger/swagger-ui-bundle.js - - 
[INF]  Request starting HTTP/2 GET https://localhost:7208/swagger/swagger-ui-standalone-preset.js - - 
[INF]  Request starting HTTP/2 GET https://localhost:7208/_framework/aspnetcore-browser-refresh.js - - 
[INF]  Request starting HTTP/2 GET https://localhost:7208/_vs/browserLink - - 
[INF]  Request finished HTTP/2 GET https://localhost:7208/_framework/aspnetcore-browser-refresh.js - - - 200 12018 application/javascript;+charset=utf-8 8.8506ms 
[INF]  Sending file. Request path: '/swagger-ui-standalone-preset.js'. Physical path: 'N/A' 
[INF]  Sending file. Request path: '/swagger-ui.css'. Physical path: 'N/A' 
[INF]  Request finished HTTP/2 GET https://localhost:7208/swagger/swagger-ui.css - - - 200 143632 text/css 235.5015ms 
[INF]  Request finished HTTP/2 GET https://localhost:7208/swagger/swagger-ui-standalone-preset.js - - - 200 337162 application/javascript 231.9896ms 
[INF]  Sending file. Request path: '/swagger-ui-bundle.js'. Physical path: 'N/A' 
[INF]  Request finished HTTP/2 GET https://localhost:7208/swagger/swagger-ui-bundle.js - - - 200 1092889 application/javascript 331.7350ms 
[INF]  Request finished HTTP/2 GET https://localhost:7208/_vs/browserLink - - - 200 - text/javascript;+charset=UTF-8 397.9210ms 
[INF]  Request starting HTTP/2 GET https://localhost:7208/swagger/v1/swagger.json - - 
[INF]  Request starting HTTP/2 GET https://localhost:7208/swagger/favicon-32x32.png - - 
[INF]  Sending file. Request path: '/favicon-32x32.png'. Physical path: 'N/A' 
[INF]  Request finished HTTP/2 GET https://localhost:7208/swagger/favicon-32x32.png - - - 200 628 image/png 0.4556ms 
[INF]  Request finished HTTP/2 GET https://localhost:7208/swagger/v1/swagger.json - - - 200 - application/json;charset=utf-8 733.4609ms 
