[INF]  Executed DbCommand (77ms) [Parameters=[], CommandType='"Text"', CommandTimeout='30']
SELECT 1 
[INF]  Executed DbCommand (151ms) [Parameters=[], CommandType='"Text"', CommandTimeout='30']
SELECT OBJECT_ID(N'[__EFMigrationsHistory]'); 
[INF]  Executed DbCommand (2ms) [Parameters=[], CommandType='"Text"', CommandTimeout='30']
SELECT 1 
[INF]  Executed DbCommand (181ms) [Parameters=[], CommandType='"Text"', CommandTimeout='30']
CREATE TABLE [__EFMigrationsHistory] (
    [MigrationId] nvarchar(150) NOT NULL,
    [ProductVersion] nvarchar(32) NOT NULL,
    CONSTRAINT [PK___EFMigrationsHistory] PRIMARY KEY ([MigrationId])
); 
[INF]  Executed DbCommand (1ms) [Parameters=[], CommandType='"Text"', CommandTimeout='30']
SELECT 1 
[INF]  Executed DbCommand (3ms) [Parameters=[], CommandType='"Text"', CommandTimeout='30']
SELECT OBJECT_ID(N'[__EFMigrationsHistory]'); 
[INF]  Executed DbCommand (94ms) [Parameters=[], CommandType='"Text"', CommandTimeout='30']
SELECT [MigrationId], [ProductVersion]
FROM [__EFMigrationsHistory]
ORDER BY [MigrationId]; 
[INF]  Applying migration '20230219040851_InitialUserMigration'. 
[INF]  Executed DbCommand (26ms) [Parameters=[], CommandType='"Text"', CommandTimeout='30']
CREATE TABLE [UserTb] (
    [Id] uniqueidentifier NOT NULL,
    [FirstName] nvarchar(300) NOT NULL,
    [DOB] datetime2 NOT NULL,
    [Gender] int NOT NULL,
    [Role] int NOT NULL,
    [Location] nvarchar(max) NULL,
    [State] nvarchar(max) NULL,
    [Email] nvarchar(300) NOT NULL,
    [MiddleName] nvarchar(max) NULL,
    [LastName] nvarchar(max) NULL,
    [PhoneNo] nvarchar(max) NULL,
    [PasswordHash] varbinary(max) NOT NULL,
    [PasswordSalt] varbinary(max) NOT NULL,
    [RefreshToken] nvarchar(max) NULL,
    [IsDeleted] bit NOT NULL,
    [DeletedDate] datetime2 NULL,
    [RefreshTokenExpireTime] datetime2 NULL,
    [RecoveryPin] int NOT NULL,
    [RecoveryPinExpireTime] datetime2 NULL,
    [ImageArray] varbinary(max) NULL,
    [CreatedDate] datetime2 NOT NULL,
    CONSTRAINT [PK_UserTb] PRIMARY KEY ([Id])
); 
[INF]  Executed DbCommand (16ms) [Parameters=[], CommandType='"Text"', CommandTimeout='30']
CREATE UNIQUE INDEX [IX_UserTb_Email] ON [UserTb] ([Email]); 
[INF]  Executed DbCommand (42ms) [Parameters=[], CommandType='"Text"', CommandTimeout='30']
INSERT INTO [__EFMigrationsHistory] ([MigrationId], [ProductVersion])
VALUES (N'20230219040851_InitialUserMigration', N'7.0.3'); 
[WRN]  There are multiple relationships between 'TimeSlot' and 'Lawyer' without configured foreign key properties. This will cause Entity Framework to create shadow properties on 'TimeSlot' with names dependent on the discovery order. Consider configuring the foreign key properties using the [ForeignKey] attribute or in 'OnModelCreating'. 
[WRN]  Entity 'Client' has a global query filter defined and is the required end of a relationship with the entity 'Appointment'. This may lead to unexpected results when the required entity is filtered out. Either configure the navigation as optional, or define matching query filters for both entities in the navigation. See https://go.microsoft.com/fwlink/?linkid=2131316 for more information. 
[WRN]  The property 'Lawyer.Languages' is a collection or enumeration type with a value converter but with no value comparer. Set a value comparer to ensure the collection/enumeration elements are compared correctly. 
[WRN]  The foreign key property 'TimeSlot.LawyerId1' was created in shadow state because a conflicting property with the simple name 'LawyerId' exists in the entity type, but is either not mapped, is already used for another relationship, or is incompatible with the associated primary key type. See https://aka.ms/efcore-relationships for information on mapping relationships in EF Core. 
[WRN]  There are multiple relationships between 'TimeSlot' and 'Lawyer' without configured foreign key properties. This will cause Entity Framework to create shadow properties on 'TimeSlot' with names dependent on the discovery order. Consider configuring the foreign key properties using the [ForeignKey] attribute or in 'OnModelCreating'. 
[WRN]  Entity 'Client' has a global query filter defined and is the required end of a relationship with the entity 'Appointment'. This may lead to unexpected results when the required entity is filtered out. Either configure the navigation as optional, or define matching query filters for both entities in the navigation. See https://go.microsoft.com/fwlink/?linkid=2131316 for more information. 
[WRN]  The property 'Lawyer.Languages' is a collection or enumeration type with a value converter but with no value comparer. Set a value comparer to ensure the collection/enumeration elements are compared correctly. 
[WRN]  The foreign key property 'TimeSlot.LawyerId1' was created in shadow state because a conflicting property with the simple name 'LawyerId' exists in the entity type, but is either not mapped, is already used for another relationship, or is incompatible with the associated primary key type. See https://aka.ms/efcore-relationships for information on mapping relationships in EF Core. 
[WRN]  There are multiple relationships between 'TimeSlot' and 'Lawyer' without configured foreign key properties. This will cause Entity Framework to create shadow properties on 'TimeSlot' with names dependent on the discovery order. Consider configuring the foreign key properties using the [ForeignKey] attribute or in 'OnModelCreating'. 
[WRN]  Entity 'Client' has a global query filter defined and is the required end of a relationship with the entity 'Appointment'. This may lead to unexpected results when the required entity is filtered out. Either configure the navigation as optional, or define matching query filters for both entities in the navigation. See https://go.microsoft.com/fwlink/?linkid=2131316 for more information. 
[WRN]  The property 'Lawyer.Languages' is a collection or enumeration type with a value converter but with no value comparer. Set a value comparer to ensure the collection/enumeration elements are compared correctly. 
[WRN]  The foreign key property 'TimeSlot.LawyerId1' was created in shadow state because a conflicting property with the simple name 'LawyerId' exists in the entity type, but is either not mapped, is already used for another relationship, or is incompatible with the associated primary key type. See https://aka.ms/efcore-relationships for information on mapping relationships in EF Core. 
[WRN]  There are multiple relationships between 'TimeSlot' and 'Lawyer' without configured foreign key properties. This will cause Entity Framework to create shadow properties on 'TimeSlot' with names dependent on the discovery order. Consider configuring the foreign key properties using the [ForeignKey] attribute or in 'OnModelCreating'. 
[WRN]  Entity 'Client' has a global query filter defined and is the required end of a relationship with the entity 'Appointment'. This may lead to unexpected results when the required entity is filtered out. Either configure the navigation as optional, or define matching query filters for both entities in the navigation. See https://go.microsoft.com/fwlink/?linkid=2131316 for more information. 
[WRN]  The property 'Lawyer.Languages' is a collection or enumeration type with a value converter but with no value comparer. Set a value comparer to ensure the collection/enumeration elements are compared correctly. 
[WRN]  The foreign key property 'TimeSlot.LawyerId1' was created in shadow state because a conflicting property with the simple name 'LawyerId' exists in the entity type, but is either not mapped, is already used for another relationship, or is incompatible with the associated primary key type. See https://aka.ms/efcore-relationships for information on mapping relationships in EF Core. 
[WRN]  There are multiple relationships between 'TimeSlot' and 'Lawyer' without configured foreign key properties. This will cause Entity Framework to create shadow properties on 'TimeSlot' with names dependent on the discovery order. Consider configuring the foreign key properties using the [ForeignKey] attribute or in 'OnModelCreating'. 
[WRN]  Entity 'Client' has a global query filter defined and is the required end of a relationship with the entity 'Appointment'. This may lead to unexpected results when the required entity is filtered out. Either configure the navigation as optional, or define matching query filters for both entities in the navigation. See https://go.microsoft.com/fwlink/?linkid=2131316 for more information. 
[WRN]  The property 'Lawyer.Languages' is a collection or enumeration type with a value converter but with no value comparer. Set a value comparer to ensure the collection/enumeration elements are compared correctly. 
[WRN]  The foreign key property 'TimeSlot.LawyerId1' was created in shadow state because a conflicting property with the simple name 'LawyerId' exists in the entity type, but is either not mapped, is already used for another relationship, or is incompatible with the associated primary key type. See https://aka.ms/efcore-relationships for information on mapping relationships in EF Core. 
[INF]  Executed DbCommand (30ms) [Parameters=[], CommandType='"Text"', CommandTimeout='30']
SELECT 1 
[INF]  Executed DbCommand (32ms) [Parameters=[], CommandType='"Text"', CommandTimeout='30']
SELECT OBJECT_ID(N'[__EFMigrationsHistory]'); 
[INF]  Executed DbCommand (2ms) [Parameters=[], CommandType='"Text"', CommandTimeout='30']
SELECT 1 
[INF]  Executed DbCommand (68ms) [Parameters=[], CommandType='"Text"', CommandTimeout='30']
CREATE TABLE [__EFMigrationsHistory] (
    [MigrationId] nvarchar(150) NOT NULL,
    [ProductVersion] nvarchar(32) NOT NULL,
    CONSTRAINT [PK___EFMigrationsHistory] PRIMARY KEY ([MigrationId])
); 
[INF]  Executed DbCommand (5ms) [Parameters=[], CommandType='"Text"', CommandTimeout='30']
SELECT 1 
[INF]  Executed DbCommand (5ms) [Parameters=[], CommandType='"Text"', CommandTimeout='30']
SELECT OBJECT_ID(N'[__EFMigrationsHistory]'); 
[INF]  Executed DbCommand (82ms) [Parameters=[], CommandType='"Text"', CommandTimeout='30']
SELECT [MigrationId], [ProductVersion]
FROM [__EFMigrationsHistory]
ORDER BY [MigrationId]; 
[INF]  Applying migration '20230219043158_InitialLawMigration'. 
[INF]  Executed DbCommand (14ms) [Parameters=[], CommandType='"Text"', CommandTimeout='30']
CREATE TABLE [ClientTB] (
    [Id] uniqueidentifier NOT NULL,
    [CreatedDate] datetime2 NOT NULL,
    [FirstName] nvarchar(max) NOT NULL,
    [Email] nvarchar(max) NOT NULL,
    [IsDelete] bit NOT NULL,
    CONSTRAINT [PK_ClientTB] PRIMARY KEY ([Id])
); 
[INF]  Executed DbCommand (14ms) [Parameters=[], CommandType='"Text"', CommandTimeout='30']
CREATE TABLE [DepartmentTB] (
    [Id] uniqueidentifier NOT NULL,
    [Description] nvarchar(max) NULL,
    [Name] nvarchar(250) NOT NULL,
    [CreatedDate] datetime2 NOT NULL,
    CONSTRAINT [PK_DepartmentTB] PRIMARY KEY ([Id])
); 
[INF]  Executed DbCommand (32ms) [Parameters=[], CommandType='"Text"', CommandTimeout='30']
CREATE TABLE [LawyerTB] (
    [Id] uniqueidentifier NOT NULL,
    [OnlineCharge] float NOT NULL,
    [OfflineCharge] float NOT NULL,
    [IsVerify] bit NOT NULL,
    [OfficeEmail] nvarchar(max) NULL,
    [Title] nvarchar(max) NOT NULL,
    [PhoneNo] nvarchar(25) NOT NULL,
    [Languages] nvarchar(max) NOT NULL,
    [OfficeAddress] nvarchar(max) NULL,
    [Location] nvarchar(max) NULL,
    [State] nvarchar(max) NULL,
    [CreatedDate] datetime2 NOT NULL,
    [FirstName] nvarchar(100) NOT NULL,
    [Email] nvarchar(max) NOT NULL,
    [IsDelete] bit NOT NULL,
    CONSTRAINT [PK_LawyerTB] PRIMARY KEY ([Id])
); 
[INF]  Executed DbCommand (13ms) [Parameters=[], CommandType='"Text"', CommandTimeout='30']
CREATE TABLE [DepartmentLawyer] (
    [DepartmentsId] uniqueidentifier NOT NULL,
    [LawyersId] uniqueidentifier NOT NULL,
    CONSTRAINT [PK_DepartmentLawyer] PRIMARY KEY ([DepartmentsId], [LawyersId]),
    CONSTRAINT [FK_DepartmentLawyer_DepartmentTB_DepartmentsId] FOREIGN KEY ([DepartmentsId]) REFERENCES [DepartmentTB] ([Id]) ON DELETE CASCADE,
    CONSTRAINT [FK_DepartmentLawyer_LawyerTB_LawyersId] FOREIGN KEY ([LawyersId]) REFERENCES [LawyerTB] ([Id]) ON DELETE CASCADE
); 
[INF]  Executed DbCommand (7ms) [Parameters=[], CommandType='"Text"', CommandTimeout='30']
CREATE TABLE [TimeSlotTB] (
    [Id] uniqueidentifier NOT NULL,
    [Index] int NOT NULL,
    [StartHour] int NOT NULL,
    [StartMinute] int NOT NULL,
    [EndHour] int NOT NULL,
    [EndMinute] int NOT NULL,
    [LawyerId] uniqueidentifier NULL,
    [LawyerId1] uniqueidentifier NULL,
    [CreatedDate] datetime2 NOT NULL,
    CONSTRAINT [PK_TimeSlotTB] PRIMARY KEY ([Id]),
    CONSTRAINT [FK_TimeSlotTB_LawyerTB_LawyerId] FOREIGN KEY ([LawyerId]) REFERENCES [LawyerTB] ([Id]),
    CONSTRAINT [FK_TimeSlotTB_LawyerTB_LawyerId1] FOREIGN KEY ([LawyerId1]) REFERENCES [LawyerTB] ([Id])
); 
[INF]  Executed DbCommand (10ms) [Parameters=[], CommandType='"Text"', CommandTimeout='30']
CREATE TABLE [AppointmentTB] (
    [Id] uniqueidentifier NOT NULL,
    [TimeSlotId] uniqueidentifier NOT NULL,
    [LawyerId] uniqueidentifier NOT NULL,
    [ClientId] uniqueidentifier NOT NULL,
    [Language] nvarchar(max) NOT NULL,
    [CaseDescription] nvarchar(max) NOT NULL,
    [ReviewDate] datetime2 NOT NULL,
    [HasReviewed] bit NOT NULL,
    [IsCancel] bit NOT NULL,
    [Charge] float NOT NULL,
    [AppointmentType] int NOT NULL,
    [LawyerReport] nvarchar(max) NULL,
    [ClientFeedBack] nvarchar(max) NULL,
    [Stars] int NULL,
    [CreatedDate] datetime2 NOT NULL,
    CONSTRAINT [PK_AppointmentTB] PRIMARY KEY ([Id]),
    CONSTRAINT [FK_AppointmentTB_ClientTB_ClientId] FOREIGN KEY ([ClientId]) REFERENCES [ClientTB] ([Id]),
    CONSTRAINT [FK_AppointmentTB_LawyerTB_LawyerId] FOREIGN KEY ([LawyerId]) REFERENCES [LawyerTB] ([Id]),
    CONSTRAINT [FK_AppointmentTB_TimeSlotTB_TimeSlotId] FOREIGN KEY ([TimeSlotId]) REFERENCES [TimeSlotTB] ([Id]) ON DELETE CASCADE
); 
[INF]  Executed DbCommand (12ms) [Parameters=[], CommandType='"Text"', CommandTimeout='30']
CREATE UNIQUE INDEX [IX_AppointmentTB_ClientId_ReviewDate] ON [AppointmentTB] ([ClientId], [ReviewDate]); 
[INF]  Executed DbCommand (3ms) [Parameters=[], CommandType='"Text"', CommandTimeout='30']
CREATE UNIQUE INDEX [IX_AppointmentTB_LawyerId_ReviewDate] ON [AppointmentTB] ([LawyerId], [ReviewDate]); 
[INF]  Executed DbCommand (5ms) [Parameters=[], CommandType='"Text"', CommandTimeout='30']
CREATE INDEX [IX_AppointmentTB_TimeSlotId] ON [AppointmentTB] ([TimeSlotId]); 
[INF]  Executed DbCommand (1ms) [Parameters=[], CommandType='"Text"', CommandTimeout='30']
CREATE INDEX [IX_DepartmentLawyer_LawyersId] ON [DepartmentLawyer] ([LawyersId]); 
[INF]  Executed DbCommand (3ms) [Parameters=[], CommandType='"Text"', CommandTimeout='30']
CREATE UNIQUE INDEX [IX_DepartmentTB_Name] ON [DepartmentTB] ([Name]); 
[INF]  Executed DbCommand (2ms) [Parameters=[], CommandType='"Text"', CommandTimeout='30']
CREATE UNIQUE INDEX [IX_TimeSlotTB_Index] ON [TimeSlotTB] ([Index]); 
[INF]  Executed DbCommand (3ms) [Parameters=[], CommandType='"Text"', CommandTimeout='30']
CREATE INDEX [IX_TimeSlotTB_LawyerId] ON [TimeSlotTB] ([LawyerId]); 
[INF]  Executed DbCommand (2ms) [Parameters=[], CommandType='"Text"', CommandTimeout='30']
CREATE INDEX [IX_TimeSlotTB_LawyerId1] ON [TimeSlotTB] ([LawyerId1]); 
[INF]  Executed DbCommand (29ms) [Parameters=[], CommandType='"Text"', CommandTimeout='30']
INSERT INTO [__EFMigrationsHistory] ([MigrationId], [ProductVersion])
VALUES (N'20230219043158_InitialLawMigration', N'7.0.3'); 
[INF]  User profile is available. Using 'C:\Users\DELL\AppData\Local\ASP.NET\DataProtection-Keys' as key repository and Windows DPAPI to encrypt keys at rest. 
[INF]  Now listening on: https://localhost:7208 
[INF]  Now listening on: http://localhost:5114 
[INF]  Application started. Press Ctrl+C to shut down. 
[INF]  Hosting environment: Development 
[INF]  Content root path: C:\Users\DELL\Desktop\Apps\LCS Backend\LawConsultingSystem\src\ConsultingSystem.WebApi\ 
[INF]  Request starting HTTP/2 GET https://localhost:7208/_vs/browserLink - - 
[INF]  Request starting HTTP/2 GET https://localhost:7208/swagger/index.html - - 
[INF]  Request starting HTTP/2 GET https://localhost:7208/_framework/aspnetcore-browser-refresh.js - - 
[INF]  Request finished HTTP/2 GET https://localhost:7208/_framework/aspnetcore-browser-refresh.js - - - 200 12018 application/javascript;+charset=utf-8 784.0527ms 
[INF]  Request finished HTTP/2 GET https://localhost:7208/_vs/browserLink - - - 200 - text/javascript;+charset=UTF-8 2256.7942ms 
[INF]  Request finished HTTP/2 GET https://localhost:7208/swagger/index.html - - - 200 - text/html;charset=utf-8 3036.3221ms 
[INF]  Request starting HTTP/2 GET https://localhost:7208/_framework/aspnetcore-browser-refresh.js - - 
[INF]  Request starting HTTP/2 GET https://localhost:7208/_vs/browserLink - - 
[INF]  Request finished HTTP/2 GET https://localhost:7208/_framework/aspnetcore-browser-refresh.js - - - 200 12018 application/javascript;+charset=utf-8 0.3549ms 
[INF]  Request finished HTTP/2 GET https://localhost:7208/_vs/browserLink - - - 200 - text/javascript;+charset=UTF-8 26.1351ms 
[INF]  Request starting HTTP/2 GET https://localhost:7208/swagger/v1/swagger.json - - 
[INF]  Request finished HTTP/2 GET https://localhost:7208/swagger/v1/swagger.json - - - 200 - application/json;charset=utf-8 514.5640ms 
[INF]  Request starting HTTP/2 GET https://localhost:7208/swagger/v1/swagger.json - - 
[INF]  Request finished HTTP/2 GET https://localhost:7208/swagger/v1/swagger.json - - - 200 - application/json;charset=utf-8 21.9424ms 
[INF]  Request starting HTTP/2 POST https://localhost:7208/api/User/client application/json 133 
[INF]  CORS policy execution successful. 
[ERR]  An unhandled exception has occurred while executing the request. 
System.InvalidOperationException: No service for type 'LCS.WebApi.CustomMiddlewares.ExceptionHandlerMiddleware' has been registered.
   at Microsoft.Extensions.DependencyInjection.ServiceProviderServiceExtensions.GetRequiredService(IServiceProvider provider, Type serviceType)
   at Microsoft.AspNetCore.Http.MiddlewareFactory.Create(Type middlewareType)
   at Microsoft.AspNetCore.Builder.UseMiddlewareExtensions.<>c__DisplayClass6_1.<<UseMiddlewareInterface>b__1>d.MoveNext()
--- End of stack trace from previous location ---
   at Microsoft.AspNetCore.Authorization.AuthorizationMiddleware.Invoke(HttpContext context)
   at Swashbuckle.AspNetCore.SwaggerUI.SwaggerUIMiddleware.Invoke(HttpContext httpContext)
   at Swashbuckle.AspNetCore.Swagger.SwaggerMiddleware.Invoke(HttpContext httpContext, ISwaggerProvider swaggerProvider)
   at Microsoft.AspNetCore.Diagnostics.DeveloperExceptionPageMiddleware.Invoke(HttpContext context)
[INF]  Request finished HTTP/2 POST https://localhost:7208/api/User/client application/json 133 - 500 - text/plain;+charset=utf-8 163.0189ms 
[INF]  User profile is available. Using 'C:\Users\DELL\AppData\Local\ASP.NET\DataProtection-Keys' as key repository and Windows DPAPI to encrypt keys at rest. 
[INF]  Now listening on: https://localhost:7208 
[INF]  Now listening on: http://localhost:5114 
[INF]  Application started. Press Ctrl+C to shut down. 
[INF]  Hosting environment: Development 
[INF]  Content root path: C:\Users\DELL\Desktop\Apps\LCS Backend\LawConsultingSystem\src\ConsultingSystem.WebApi\ 
[INF]  Request starting HTTP/2 GET https://localhost:7208/swagger/index.html - - 
[INF]  Request starting HTTP/2 GET https://localhost:7208/_framework/aspnetcore-browser-refresh.js - - 
[INF]  Request starting HTTP/2 GET https://localhost:7208/_vs/browserLink - - 
[INF]  Request finished HTTP/2 GET https://localhost:7208/_framework/aspnetcore-browser-refresh.js - - - 200 12018 application/javascript;+charset=utf-8 406.0378ms 
[INF]  Request finished HTTP/2 GET https://localhost:7208/_vs/browserLink - - - 200 - text/javascript;+charset=UTF-8 981.1451ms 
[INF]  Request finished HTTP/2 GET https://localhost:7208/swagger/index.html - - - 200 - text/html;charset=utf-8 3537.7433ms 
[INF]  Request starting HTTP/2 GET https://localhost:7208/_framework/aspnetcore-browser-refresh.js - - 
[INF]  Request finished HTTP/2 GET https://localhost:7208/_framework/aspnetcore-browser-refresh.js - - - 200 12018 application/javascript;+charset=utf-8 5.5223ms 
[INF]  Request starting HTTP/2 GET https://localhost:7208/_vs/browserLink - - 
[INF]  Request finished HTTP/2 GET https://localhost:7208/_vs/browserLink - - - 200 - text/javascript;+charset=UTF-8 276.0691ms 
[INF]  Request starting HTTP/2 GET https://localhost:7208/swagger/v1/swagger.json - - 
[INF]  Request finished HTTP/2 GET https://localhost:7208/swagger/v1/swagger.json - - - 200 - application/json;charset=utf-8 822.7462ms 
[INF]  Request starting HTTP/2 GET https://localhost:7208/swagger/v1/swagger.json - - 
[INF]  Request finished HTTP/2 GET https://localhost:7208/swagger/v1/swagger.json - - - 200 - application/json;charset=utf-8 22.5827ms 
[INF]  Request starting HTTP/2 POST https://localhost:7208/api/User/client application/json 133 
[INF]  CORS policy execution successful. 
[ERR]  An unhandled exception has occurred while executing the request. 
System.InvalidOperationException: No service for type 'LCS.WebApi.CustomMiddlewares.ExceptionHandlerMiddleware' has been registered.
   at Microsoft.Extensions.DependencyInjection.ServiceProviderServiceExtensions.GetRequiredService(IServiceProvider provider, Type serviceType)
   at Microsoft.AspNetCore.Http.MiddlewareFactory.Create(Type middlewareType)
   at Microsoft.AspNetCore.Builder.UseMiddlewareExtensions.<>c__DisplayClass6_1.<<UseMiddlewareInterface>b__1>d.MoveNext()
--- End of stack trace from previous location ---
   at Microsoft.AspNetCore.Authorization.AuthorizationMiddleware.Invoke(HttpContext context)
   at Swashbuckle.AspNetCore.SwaggerUI.SwaggerUIMiddleware.Invoke(HttpContext httpContext)
   at Swashbuckle.AspNetCore.Swagger.SwaggerMiddleware.Invoke(HttpContext httpContext, ISwaggerProvider swaggerProvider)
   at Microsoft.AspNetCore.Diagnostics.DeveloperExceptionPageMiddleware.Invoke(HttpContext context)
[INF]  Request finished HTTP/2 POST https://localhost:7208/api/User/client application/json 133 - 500 - text/plain;+charset=utf-8 194.8577ms 
[INF]  User profile is available. Using 'C:\Users\DELL\AppData\Local\ASP.NET\DataProtection-Keys' as key repository and Windows DPAPI to encrypt keys at rest. 
[INF]  Now listening on: https://localhost:7208 
[INF]  Now listening on: http://localhost:5114 
[INF]  Application started. Press Ctrl+C to shut down. 
[INF]  Hosting environment: Development 
[INF]  Content root path: C:\Users\DELL\Desktop\Apps\LCS Backend\LawConsultingSystem\src\ConsultingSystem.WebApi\ 
[INF]  Request starting HTTP/2 GET https://localhost:7208/_framework/aspnetcore-browser-refresh.js - - 
[INF]  Request starting HTTP/2 GET https://localhost:7208/swagger/index.html - - 
[INF]  Request starting HTTP/2 GET https://localhost:7208/_vs/browserLink - - 
[INF]  Request finished HTTP/2 GET https://localhost:7208/_framework/aspnetcore-browser-refresh.js - - - 200 12018 application/javascript;+charset=utf-8 111.7071ms 
[INF]  Request starting HTTP/2 GET https://localhost:7208/_framework/aspnetcore-browser-refresh.js - - 
[INF]  Request finished HTTP/2 GET https://localhost:7208/_framework/aspnetcore-browser-refresh.js - - - 200 12018 application/javascript;+charset=utf-8 0.4999ms 
[INF]  Request starting HTTP/2 GET https://localhost:7208/_vs/browserLink - - 
[INF]  Request finished HTTP/2 GET https://localhost:7208/_vs/browserLink - - - 200 - text/javascript;+charset=UTF-8 788.4255ms 
[INF]  Request finished HTTP/2 GET https://localhost:7208/_vs/browserLink - - - 200 - text/javascript;+charset=UTF-8 285.4819ms 
[INF]  Request starting HTTP/2 GET https://localhost:7208/swagger/v1/swagger.json - - 
[INF]  Request finished HTTP/2 GET https://localhost:7208/swagger/index.html - - - 200 - text/html;charset=utf-8 2514.8790ms 
[INF]  Request finished HTTP/2 GET https://localhost:7208/swagger/v1/swagger.json - - - 200 - application/json;charset=utf-8 1478.0672ms 
[INF]  Request starting HTTP/2 GET https://localhost:7208/swagger/v1/swagger.json - - 
[INF]  Request starting HTTP/2 GET https://localhost:7208/_framework/aspnetcore-browser-refresh.js - - 
[INF]  Request finished HTTP/2 GET https://localhost:7208/_framework/aspnetcore-browser-refresh.js - - - 200 12018 application/javascript;+charset=utf-8 0.4628ms 
[INF]  Request starting HTTP/2 GET https://localhost:7208/_vs/browserLink - - 
[INF]  Request finished HTTP/2 GET https://localhost:7208/swagger/v1/swagger.json - - - 200 - application/json;charset=utf-8 122.9433ms 
[INF]  Request finished HTTP/2 GET https://localhost:7208/_vs/browserLink - - - 200 - text/javascript;+charset=UTF-8 935.5945ms 
[INF]  Request starting HTTP/2 GET https://localhost:7208/swagger/v1/swagger.json - - 
[INF]  Request finished HTTP/2 GET https://localhost:7208/swagger/v1/swagger.json - - - 200 - application/json;charset=utf-8 24.5060ms 
[INF]  Request starting HTTP/2 POST https://localhost:7208/api/User/client application/json 133 
[INF]  CORS policy execution successful. 
[INF]  Executing endpoint 'LCS.WebApi.Controllers.AuthModule.UserController.RegisterUser (ConsultancySystem.WebApi)' 
[INF]  Route matched with {action = "RegisterUser", controller = "User"}. Executing controller action with signature System.Threading.Tasks.Task`1[Microsoft.AspNetCore.Mvc.IActionResult] RegisterUser(User.Application.DTO.CreateUserDTO) on controller LCS.WebApi.Controllers.AuthModule.UserController (ConsultancySystem.WebApi). 
[INF]  Executing BadRequestObjectResult, writing value of type 'System.String'. 
[INF]  Executed action LCS.WebApi.Controllers.AuthModule.UserController.RegisterUser (ConsultancySystem.WebApi) in 710.5958ms 
[INF]  Executed endpoint 'LCS.WebApi.Controllers.AuthModule.UserController.RegisterUser (ConsultancySystem.WebApi)' 
[INF]  Request finished HTTP/2 POST https://localhost:7208/api/User/client application/json 133 - 400 - text/plain;+charset=utf-8 882.8178ms 
[INF]  Request starting HTTP/2 POST https://localhost:7208/api/User/client application/json 127 
[INF]  CORS policy execution successful. 
[INF]  Executing endpoint 'LCS.WebApi.Controllers.AuthModule.UserController.RegisterUser (ConsultancySystem.WebApi)' 
[INF]  Route matched with {action = "RegisterUser", controller = "User"}. Executing controller action with signature System.Threading.Tasks.Task`1[Microsoft.AspNetCore.Mvc.IActionResult] RegisterUser(User.Application.DTO.CreateUserDTO) on controller LCS.WebApi.Controllers.AuthModule.UserController (ConsultancySystem.WebApi). 
[INF]  Executing BadRequestObjectResult, writing value of type 'System.String'. 
[INF]  Executed action LCS.WebApi.Controllers.AuthModule.UserController.RegisterUser (ConsultancySystem.WebApi) in 11.752ms 
[INF]  Executed endpoint 'LCS.WebApi.Controllers.AuthModule.UserController.RegisterUser (ConsultancySystem.WebApi)' 
[INF]  Request finished HTTP/2 POST https://localhost:7208/api/User/client application/json 127 - 400 - text/plain;+charset=utf-8 26.2571ms 
[INF]  Request starting HTTP/2 POST https://localhost:7208/api/User/client application/json 127 
[INF]  CORS policy execution successful. 
[INF]  Executing endpoint 'LCS.WebApi.Controllers.AuthModule.UserController.RegisterUser (ConsultancySystem.WebApi)' 
[INF]  Route matched with {action = "RegisterUser", controller = "User"}. Executing controller action with signature System.Threading.Tasks.Task`1[Microsoft.AspNetCore.Mvc.IActionResult] RegisterUser(User.Application.DTO.CreateUserDTO) on controller LCS.WebApi.Controllers.AuthModule.UserController (ConsultancySystem.WebApi). 
[INF]  Executing BadRequestObjectResult, writing value of type 'System.String'. 
[INF]  Executed action LCS.WebApi.Controllers.AuthModule.UserController.RegisterUser (ConsultancySystem.WebApi) in 3.0724ms 
[INF]  Executed endpoint 'LCS.WebApi.Controllers.AuthModule.UserController.RegisterUser (ConsultancySystem.WebApi)' 
[INF]  Request finished HTTP/2 POST https://localhost:7208/api/User/client application/json 127 - 400 - text/plain;+charset=utf-8 6.1152ms 
[INF]  User profile is available. Using 'C:\Users\DELL\AppData\Local\ASP.NET\DataProtection-Keys' as key repository and Windows DPAPI to encrypt keys at rest. 
[INF]  Now listening on: https://localhost:7208 
[INF]  Now listening on: http://localhost:5114 
[INF]  Application started. Press Ctrl+C to shut down. 
[INF]  Hosting environment: Development 
[INF]  Content root path: C:\Users\DELL\Desktop\Apps\LCS Backend\LawConsultingSystem\src\ConsultingSystem.WebApi\ 
[INF]  Request starting HTTP/2 GET https://localhost:7208/_vs/browserLink - - 
[INF]  Request starting HTTP/2 GET https://localhost:7208/swagger/index.html - - 
[INF]  Request starting HTTP/2 GET https://localhost:7208/_framework/aspnetcore-browser-refresh.js - - 
[INF]  Request finished HTTP/2 GET https://localhost:7208/_framework/aspnetcore-browser-refresh.js - - - 200 12018 application/javascript;+charset=utf-8 251.7471ms 
[INF]  Request starting HTTP/2 GET https://localhost:7208/_framework/aspnetcore-browser-refresh.js - - 
[INF]  Request finished HTTP/2 GET https://localhost:7208/_framework/aspnetcore-browser-refresh.js - - - 200 12018 application/javascript;+charset=utf-8 0.5857ms 
[INF]  Request starting HTTP/2 GET https://localhost:7208/_vs/browserLink - - 
[INF]  Request finished HTTP/2 GET https://localhost:7208/_vs/browserLink - - - 200 - text/javascript;+charset=UTF-8 912.0531ms 
[INF]  Request finished HTTP/2 GET https://localhost:7208/_vs/browserLink - - - 200 - text/javascript;+charset=UTF-8 277.1605ms 
[INF]  Request starting HTTP/2 GET https://localhost:7208/swagger/v1/swagger.json - - 
[INF]  Request finished HTTP/2 GET https://localhost:7208/swagger/v1/swagger.json - - - 200 - application/json;charset=utf-8 709.6811ms 
[INF]  Request finished HTTP/2 GET https://localhost:7208/swagger/index.html - - - 200 - text/html;charset=utf-8 1859.4879ms 
[INF]  Request starting HTTP/2 GET https://localhost:7208/_framework/aspnetcore-browser-refresh.js - - 
[INF]  Request finished HTTP/2 GET https://localhost:7208/_framework/aspnetcore-browser-refresh.js - - - 200 12018 application/javascript;+charset=utf-8 0.3981ms 
[INF]  Request starting HTTP/2 GET https://localhost:7208/_vs/browserLink - - 
[INF]  Request finished HTTP/2 GET https://localhost:7208/_vs/browserLink - - - 200 - text/javascript;+charset=UTF-8 734.9848ms 
[INF]  Request starting HTTP/2 GET https://localhost:7208/swagger/v1/swagger.json - - 
[INF]  Request finished HTTP/2 GET https://localhost:7208/swagger/v1/swagger.json - - - 200 - application/json;charset=utf-8 25.1652ms 
[INF]  Request starting HTTP/2 GET https://localhost:7208/_framework/aspnetcore-browser-refresh.js - - 
[INF]  Request finished HTTP/2 GET https://localhost:7208/_framework/aspnetcore-browser-refresh.js - - - 200 12018 application/javascript;+charset=utf-8 0.7117ms 
[INF]  Request starting HTTP/2 GET https://localhost:7208/_vs/browserLink - - 
[INF]  Request finished HTTP/2 GET https://localhost:7208/_vs/browserLink - - - 200 - text/javascript;+charset=UTF-8 18.3455ms 
[INF]  Request starting HTTP/2 GET https://localhost:7208/swagger/v1/swagger.json - - 
[INF]  Request finished HTTP/2 GET https://localhost:7208/swagger/v1/swagger.json - - - 200 - application/json;charset=utf-8 27.4032ms 
[INF]  Request starting HTTP/2 POST https://localhost:7208/api/User/client application/json 124 
[INF]  CORS policy execution successful. 
[INF]  Executing endpoint 'LCS.WebApi.Controllers.AuthModule.UserController.RegisterUser (ConsultancySystem.WebApi)' 
[INF]  Route matched with {action = "RegisterUser", controller = "User"}. Executing controller action with signature System.Threading.Tasks.Task`1[Microsoft.AspNetCore.Mvc.IActionResult] RegisterUser(User.Application.DTO.CreateUserDTO) on controller LCS.WebApi.Controllers.AuthModule.UserController (ConsultancySystem.WebApi). 
[INF]  Executing BadRequestObjectResult, writing value of type 'System.String'. 
[INF]  Executed action LCS.WebApi.Controllers.AuthModule.UserController.RegisterUser (ConsultancySystem.WebApi) in 708.9279ms 
[INF]  Executed endpoint 'LCS.WebApi.Controllers.AuthModule.UserController.RegisterUser (ConsultancySystem.WebApi)' 
[INF]  Request finished HTTP/2 POST https://localhost:7208/api/User/client application/json 124 - 400 - text/plain;+charset=utf-8 900.9062ms 
[INF]  Request starting HTTP/2 POST https://localhost:7208/api/User/lawyer application/json 124 
[INF]  CORS policy execution successful. 
[INF]  Executing endpoint 'LCS.WebApi.Controllers.AuthModule.UserController.RegisterLawyer (ConsultancySystem.WebApi)' 
[INF]  Route matched with {action = "RegisterLawyer", controller = "User"}. Executing controller action with signature System.Threading.Tasks.Task`1[Microsoft.AspNetCore.Mvc.IActionResult] RegisterLawyer(User.Application.DTO.CreateUserDTO) on controller LCS.WebApi.Controllers.AuthModule.UserController (ConsultancySystem.WebApi). 
[INF]  Executing BadRequestObjectResult, writing value of type 'System.String'. 
[INF]  Executed action LCS.WebApi.Controllers.AuthModule.UserController.RegisterLawyer (ConsultancySystem.WebApi) in 1467.6543ms 
[INF]  Executed endpoint 'LCS.WebApi.Controllers.AuthModule.UserController.RegisterLawyer (ConsultancySystem.WebApi)' 
[INF]  Request finished HTTP/2 POST https://localhost:7208/api/User/lawyer application/json 124 - 400 - text/plain;+charset=utf-8 1491.1570ms 
[INF]  Request starting HTTP/2 POST https://localhost:7208/api/User/client application/json 138 
[INF]  CORS policy execution successful. 
[INF]  Executing endpoint 'LCS.WebApi.Controllers.AuthModule.UserController.RegisterUser (ConsultancySystem.WebApi)' 
[INF]  Route matched with {action = "RegisterUser", controller = "User"}. Executing controller action with signature System.Threading.Tasks.Task`1[Microsoft.AspNetCore.Mvc.IActionResult] RegisterUser(User.Application.DTO.CreateUserDTO) on controller LCS.WebApi.Controllers.AuthModule.UserController (ConsultancySystem.WebApi). 
[INF]  Executed DbCommand (739ms) [Parameters=[@__Trim_0='?' (Size = 300)], CommandType='"Text"', CommandTimeout='30']
SELECT TOP(1) [u].[Id], [u].[CreatedDate], [u].[DOB], [u].[DeletedDate], [u].[Email], [u].[FirstName], [u].[Gender], [u].[ImageArray], [u].[IsDeleted], [u].[LastName], [u].[Location], [u].[MiddleName], [u].[PasswordHash], [u].[PasswordSalt], [u].[PhoneNo], [u].[RecoveryPin], [u].[RecoveryPinExpireTime], [u].[RefreshToken], [u].[RefreshTokenExpireTime], [u].[Role], [u].[State]
FROM [UserTb] AS [u]
WHERE [u].[IsDeleted] = CAST(0 AS bit) AND LOWER([u].[Email]) = @__Trim_0 
[INF]  Executed DbCommand (147ms) [Parameters=[@p0='?' (DbType = Guid), @p1='?' (DbType = DateTime2), @p2='?' (DbType = DateTime2), @p3='?' (DbType = DateTime2), @p4='?' (Size = 300), @p5='?' (Size = 300), @p6='?' (DbType = Int32), @p7='?' (Size = 8000) (DbType = Binary), @p8='?' (DbType = Boolean), @p9='?' (Size = 4000), @p10='?' (Size = 4000), @p11='?' (Size = 4000), @p12='?' (Size = 8000) (DbType = Binary), @p13='?' (Size = 8000) (DbType = Binary), @p14='?' (Size = 4000), @p15='?' (DbType = Int32), @p16='?' (DbType = DateTime2), @p17='?' (Size = 4000), @p18='?' (DbType = DateTime2), @p19='?' (DbType = Int32), @p20='?' (Size = 4000)], CommandType='"Text"', CommandTimeout='30']
SET IMPLICIT_TRANSACTIONS OFF;
SET NOCOUNT ON;
INSERT INTO [UserTb] ([Id], [CreatedDate], [DOB], [DeletedDate], [Email], [FirstName], [Gender], [ImageArray], [IsDeleted], [LastName], [Location], [MiddleName], [PasswordHash], [PasswordSalt], [PhoneNo], [RecoveryPin], [RecoveryPinExpireTime], [RefreshToken], [RefreshTokenExpireTime], [Role], [State])
VALUES (@p0, @p1, @p2, @p3, @p4, @p5, @p6, @p7, @p8, @p9, @p10, @p11, @p12, @p13, @p14, @p15, @p16, @p17, @p18, @p19, @p20); 
[INF]  Executed DbCommand (117ms) [Parameters=[@p20='?' (DbType = Guid), @p0='?' (DbType = DateTime2), @p1='?' (DbType = DateTime2), @p2='?' (DbType = DateTime2), @p3='?' (Size = 300), @p4='?' (Size = 300), @p5='?' (DbType = Int32), @p6='?' (Size = 8000) (DbType = Binary), @p7='?' (DbType = Boolean), @p8='?' (Size = 4000), @p9='?' (Size = 4000), @p10='?' (Size = 4000), @p11='?' (Size = 8000) (DbType = Binary), @p12='?' (Size = 8000) (DbType = Binary), @p13='?' (Size = 4000), @p14='?' (DbType = Int32), @p15='?' (DbType = DateTime2), @p16='?' (Size = 4000), @p17='?' (DbType = DateTime2), @p18='?' (DbType = Int32), @p19='?' (Size = 4000)], CommandType='"Text"', CommandTimeout='30']
SET IMPLICIT_TRANSACTIONS OFF;
SET NOCOUNT ON;
UPDATE [UserTb] SET [CreatedDate] = @p0, [DOB] = @p1, [DeletedDate] = @p2, [Email] = @p3, [FirstName] = @p4, [Gender] = @p5, [ImageArray] = @p6, [IsDeleted] = @p7, [LastName] = @p8, [Location] = @p9, [MiddleName] = @p10, [PasswordHash] = @p11, [PasswordSalt] = @p12, [PhoneNo] = @p13, [RecoveryPin] = @p14, [RecoveryPinExpireTime] = @p15, [RefreshToken] = @p16, [RefreshTokenExpireTime] = @p17, [Role] = @p18, [State] = @p19
OUTPUT 1
WHERE [Id] = @p20; 
[INF]  Executing OkObjectResult, writing value of type 'System.String'. 
[INF]  Executed action LCS.WebApi.Controllers.AuthModule.UserController.RegisterUser (ConsultancySystem.WebApi) in 9609.2129ms 
[INF]  Executed endpoint 'LCS.WebApi.Controllers.AuthModule.UserController.RegisterUser (ConsultancySystem.WebApi)' 
[INF]  Request finished HTTP/2 POST https://localhost:7208/api/User/client application/json 138 - 200 - text/plain;+charset=utf-8 9664.7467ms 
[INF]  Request starting HTTP/2 GET https://localhost:7208/api/User/all-users - - 
[INF]  Executing endpoint 'LCS.WebApi.Controllers.AuthModule.UserController.GetAllUsers (ConsultancySystem.WebApi)' 
[INF]  Route matched with {action = "GetAllUsers", controller = "User"}. Executing controller action with signature System.Threading.Tasks.Task`1[Microsoft.AspNetCore.Mvc.IActionResult] GetAllUsers() on controller LCS.WebApi.Controllers.AuthModule.UserController (ConsultancySystem.WebApi). 
[INF]  Executed DbCommand (141ms) [Parameters=[], CommandType='"Text"', CommandTimeout='30']
SELECT [u].[Id], [u].[CreatedDate], [u].[DOB], [u].[DeletedDate], [u].[Email], [u].[FirstName], [u].[Gender], [u].[ImageArray], [u].[IsDeleted], [u].[LastName], [u].[Location], [u].[MiddleName], [u].[PasswordHash], [u].[PasswordSalt], [u].[PhoneNo], [u].[RecoveryPin], [u].[RecoveryPinExpireTime], [u].[RefreshToken], [u].[RefreshTokenExpireTime], [u].[Role], [u].[State]
FROM [UserTb] AS [u]
WHERE [u].[IsDeleted] = CAST(0 AS bit) 
[INF]  Executing OkObjectResult, writing value of type 'System.Collections.Generic.List`1[[User.Application.DTO.UserResponse, User.Application, Version=1.0.0.0, Culture=neutral, PublicKeyToken=null]]'. 
[INF]  Executed action LCS.WebApi.Controllers.AuthModule.UserController.GetAllUsers (ConsultancySystem.WebApi) in 438.5855ms 
[INF]  Executed endpoint 'LCS.WebApi.Controllers.AuthModule.UserController.GetAllUsers (ConsultancySystem.WebApi)' 
[INF]  Request finished HTTP/2 GET https://localhost:7208/api/User/all-users - - - 200 - application/json;+charset=utf-8 453.6077ms 
[INF]  Request starting HTTP/2 GET https://localhost:7208/api/Client/byId?id=2625c5e1-07cf-4414-e937-08db1236c329 - - 
[INF]  Executing endpoint 'LCS.WebApi.Controllers.LawyerModule.ClientController.GetClientById (ConsultancySystem.WebApi)' 
[INF]  Route matched with {action = "GetClientById", controller = "Client"}. Executing controller action with signature System.Threading.Tasks.Task`1[Microsoft.AspNetCore.Mvc.IActionResult] GetClientById(System.Guid) on controller LCS.WebApi.Controllers.LawyerModule.ClientController (ConsultancySystem.WebApi). 
[INF]  Executed action LCS.WebApi.Controllers.LawyerModule.ClientController.GetClientById (ConsultancySystem.WebApi) in 9.4537ms 
[INF]  Executed endpoint 'LCS.WebApi.Controllers.LawyerModule.ClientController.GetClientById (ConsultancySystem.WebApi)' 
[ERR]  Something went wrong. Unhandle exception: 
System.InvalidOperationException: Unable to resolve service for type 'SimpleMediatR.MediatRContract.IMediator' while attempting to activate 'LCS.WebApi.Controllers.LawyerModule.ClientController'.
   at Microsoft.Extensions.DependencyInjection.ActivatorUtilities.GetService(IServiceProvider sp, Type type, Type requiredBy, Boolean isDefaultParameterRequired)
   at lambda_method255(Closure , IServiceProvider , Object[] )
   at Microsoft.AspNetCore.Mvc.Controllers.ControllerActivatorProvider.<>c__DisplayClass7_0.<CreateActivator>b__0(ControllerContext controllerContext)
   at Microsoft.AspNetCore.Mvc.Controllers.ControllerFactoryProvider.<>c__DisplayClass6_0.<CreateControllerFactory>g__CreateController|0(ControllerContext controllerContext)
   at Microsoft.AspNetCore.Mvc.Infrastructure.ControllerActionInvoker.Next(State& next, Scope& scope, Object& state, Boolean& isCompleted)
   at Microsoft.AspNetCore.Mvc.Infrastructure.ControllerActionInvoker.InvokeInnerFilterAsync()
--- End of stack trace from previous location ---
   at Microsoft.AspNetCore.Mvc.Infrastructure.ResourceInvoker.<InvokeFilterPipelineAsync>g__Awaited|20_0(ResourceInvoker invoker, Task lastTask, State next, Scope scope, Object state, Boolean isCompleted)
   at Microsoft.AspNetCore.Mvc.Infrastructure.ResourceInvoker.<InvokeAsync>g__Logged|17_1(ResourceInvoker invoker)
   at Microsoft.AspNetCore.Mvc.Infrastructure.ResourceInvoker.<InvokeAsync>g__Logged|17_1(ResourceInvoker invoker)
   at Microsoft.AspNetCore.Routing.EndpointMiddleware.<Invoke>g__AwaitRequestTask|6_0(Endpoint endpoint, Task requestTask, ILogger logger)
   at LCS.WebApi.CustomMiddlewares.ExceptionHandlerMiddleware.InvokeAsync(HttpContext context, RequestDelegate next) in C:\Users\DELL\Desktop\Apps\LCS Backend\LawConsultingSystem\src\ConsultingSystem.WebApi\CustomMiddlewares\ExceptionHandlerMiddleware.cs:line 19 
[INF]  Request finished HTTP/2 GET https://localhost:7208/api/Client/byId?id=2625c5e1-07cf-4414-e937-08db1236c329 - - - 500 - application/json 860.1840ms 
[INF]  User profile is available. Using 'C:\Users\DELL\AppData\Local\ASP.NET\DataProtection-Keys' as key repository and Windows DPAPI to encrypt keys at rest. 
[INF]  Now listening on: https://localhost:7208 
[INF]  Now listening on: http://localhost:5114 
[INF]  Application started. Press Ctrl+C to shut down. 
[INF]  Hosting environment: Development 
[INF]  Content root path: C:\Users\DELL\Desktop\Apps\LCS Backend\LawConsultingSystem\src\ConsultingSystem.WebApi\ 
[INF]  Request starting HTTP/2 GET https://localhost:7208/_vs/browserLink - - 
[INF]  Request starting HTTP/2 GET https://localhost:7208/_framework/aspnetcore-browser-refresh.js - - 
[INF]  Request starting HTTP/2 GET https://localhost:7208/swagger/index.html - - 
[INF]  Request finished HTTP/2 GET https://localhost:7208/_framework/aspnetcore-browser-refresh.js - - - 200 12018 application/javascript;+charset=utf-8 174.8458ms 
[INF]  Request starting HTTP/2 GET https://localhost:7208/_framework/aspnetcore-browser-refresh.js - - 
[INF]  Request finished HTTP/2 GET https://localhost:7208/_framework/aspnetcore-browser-refresh.js - - - 200 12018 application/javascript;+charset=utf-8 0.5327ms 
[INF]  Request starting HTTP/2 GET https://localhost:7208/_vs/browserLink - - 
[INF]  Request finished HTTP/2 GET https://localhost:7208/_vs/browserLink - - - 200 - text/javascript;+charset=UTF-8 505.5981ms 
[INF]  Request finished HTTP/2 GET https://localhost:7208/_vs/browserLink - - - 200 - text/javascript;+charset=UTF-8 1232.0003ms 
[INF]  Request starting HTTP/2 GET https://localhost:7208/swagger/v1/swagger.json - - 
[INF]  Request finished HTTP/2 GET https://localhost:7208/swagger/index.html - - - 200 - text/html;charset=utf-8 2517.8117ms 
[INF]  Request starting HTTP/2 GET https://localhost:7208/_framework/aspnetcore-browser-refresh.js - - 
[INF]  Request finished HTTP/2 GET https://localhost:7208/_framework/aspnetcore-browser-refresh.js - - - 200 12018 application/javascript;+charset=utf-8 0.3550ms 
[INF]  Request starting HTTP/2 GET https://localhost:7208/_vs/browserLink - - 
[INF]  Request finished HTTP/2 GET https://localhost:7208/_vs/browserLink - - - 200 - text/javascript;+charset=UTF-8 628.5873ms 
[INF]  Request finished HTTP/2 GET https://localhost:7208/swagger/v1/swagger.json - - - 200 - application/json;charset=utf-8 1565.0941ms 
[INF]  Request starting HTTP/2 GET https://localhost:7208/swagger/v1/swagger.json - - 
[INF]  Request finished HTTP/2 GET https://localhost:7208/swagger/v1/swagger.json - - - 200 - application/json;charset=utf-8 31.2303ms 
[INF]  Request starting HTTP/2 GET https://localhost:7208/_framework/aspnetcore-browser-refresh.js - - 
[INF]  Request finished HTTP/2 GET https://localhost:7208/_framework/aspnetcore-browser-refresh.js - - - 200 12018 application/javascript;+charset=utf-8 0.4737ms 
[INF]  Request starting HTTP/2 GET https://localhost:7208/_vs/browserLink - - 
[INF]  Request finished HTTP/2 GET https://localhost:7208/_vs/browserLink - - - 200 - text/javascript;+charset=UTF-8 316.0183ms 
[INF]  Request starting HTTP/2 GET https://localhost:7208/swagger/v1/swagger.json - - 
[INF]  Request finished HTTP/2 GET https://localhost:7208/swagger/v1/swagger.json - - - 200 - application/json;charset=utf-8 16.6383ms 
[INF]  Request starting HTTP/2 GET https://localhost:7208/api/Client/byId?id=2625c5e1-07cf-4414-e937-08db1236c329 - - 
[INF]  Executing endpoint 'LCS.WebApi.Controllers.LawyerModule.ClientController.GetClientById (ConsultancySystem.WebApi)' 
[INF]  Route matched with {action = "GetClientById", controller = "Client"}. Executing controller action with signature System.Threading.Tasks.Task`1[Microsoft.AspNetCore.Mvc.IActionResult] GetClientById(System.Guid) on controller LCS.WebApi.Controllers.LawyerModule.ClientController (ConsultancySystem.WebApi). 
[INF]  Executed action LCS.WebApi.Controllers.LawyerModule.ClientController.GetClientById (ConsultancySystem.WebApi) in 538.0836ms 
[INF]  Executed endpoint 'LCS.WebApi.Controllers.LawyerModule.ClientController.GetClientById (ConsultancySystem.WebApi)' 
[ERR]  Something went wrong. Unhandle exception: 
System.MissingMethodException: Cannot dynamically create an instance of type 'Law.Application.Queries.Client.ClientByIdQuery'. Reason: No parameterless constructor defined.
   at System.RuntimeType.ActivatorCache..ctor(RuntimeType rt)
   at System.RuntimeType.CreateInstanceDefaultCtor(Boolean publicOnly, Boolean wrapExceptions)
   at System.Activator.CreateInstance(Type type, Boolean nonPublic, Boolean wrapExceptions)
   at System.Activator.CreateInstance(Type type)
   at SimpleMediatR.MediatR.Mediator.QueryNullableAsync[TQueryHandler,TQuery](TQuery query) in C:\Users\DELL\Desktop\Apps\LCS Backend\LawConsultingSystem\src\LawModule\Utilities\SimpleMediatR\MediatR\Mediator.cs:line 35
   at LCS.WebApi.Controllers.LawyerModule.CustomControllerBase.QueryNullableAsync[TQueryHandler,TQuery](TQuery query) in C:\Users\DELL\Desktop\Apps\LCS Backend\LawConsultingSystem\src\ConsultingSystem.WebApi\Controllers\LawModule\CustomControllerBase.cs:line 68
   at LCS.WebApi.Controllers.LawyerModule.ClientController.GetClientById(Guid id) in C:\Users\DELL\Desktop\Apps\LCS Backend\LawConsultingSystem\src\ConsultingSystem.WebApi\Controllers\LawModule\ClientController.cs:line 36
   at Microsoft.AspNetCore.Mvc.Infrastructure.ActionMethodExecutor.TaskOfIActionResultExecutor.Execute(IActionResultTypeMapper mapper, ObjectMethodExecutor executor, Object controller, Object[] arguments)
   at Microsoft.AspNetCore.Mvc.Infrastructure.ControllerActionInvoker.<InvokeActionMethodAsync>g__Awaited|12_0(ControllerActionInvoker invoker, ValueTask`1 actionResultValueTask)
   at Microsoft.AspNetCore.Mvc.Infrastructure.ControllerActionInvoker.<InvokeNextActionFilterAsync>g__Awaited|10_0(ControllerActionInvoker invoker, Task lastTask, State next, Scope scope, Object state, Boolean isCompleted)
   at Microsoft.AspNetCore.Mvc.Infrastructure.ControllerActionInvoker.Rethrow(ActionExecutedContextSealed context)
   at Microsoft.AspNetCore.Mvc.Infrastructure.ControllerActionInvoker.Next(State& next, Scope& scope, Object& state, Boolean& isCompleted)
   at Microsoft.AspNetCore.Mvc.Infrastructure.ControllerActionInvoker.InvokeInnerFilterAsync()
--- End of stack trace from previous location ---
   at Microsoft.AspNetCore.Mvc.Infrastructure.ResourceInvoker.<InvokeFilterPipelineAsync>g__Awaited|20_0(ResourceInvoker invoker, Task lastTask, State next, Scope scope, Object state, Boolean isCompleted)
   at Microsoft.AspNetCore.Mvc.Infrastructure.ResourceInvoker.<InvokeAsync>g__Logged|17_1(ResourceInvoker invoker)
   at Microsoft.AspNetCore.Mvc.Infrastructure.ResourceInvoker.<InvokeAsync>g__Logged|17_1(ResourceInvoker invoker)
   at Microsoft.AspNetCore.Routing.EndpointMiddleware.<Invoke>g__AwaitRequestTask|6_0(Endpoint endpoint, Task requestTask, ILogger logger)
   at LCS.WebApi.CustomMiddlewares.ExceptionHandlerMiddleware.InvokeAsync(HttpContext context, RequestDelegate next) in C:\Users\DELL\Desktop\Apps\LCS Backend\LawConsultingSystem\src\ConsultingSystem.WebApi\CustomMiddlewares\ExceptionHandlerMiddleware.cs:line 19 
[INF]  Request finished HTTP/2 GET https://localhost:7208/api/Client/byId?id=2625c5e1-07cf-4414-e937-08db1236c329 - - - 500 - application/json 880.3941ms 
